[2m> [22mvite build

[36mvite v6.3.5 [32mbuilding for production...[36m[39m
transforming...
[32mâœ“[39m 8 modules transformed.
rendering chunks...

[vite:dts] Start generate declaration files...
[96msrc/index.ts[0m:[93m5[0m:[93m15[0m - [91merror[0m[90m TS2835: [0mRelative import paths need explicit file extensions in ECMAScript imports when '--moduleResolution' is 'node16' or 'nodenext'. Did you mean './lib/theme.js'?

[7m5[0m export * from './lib/theme';
[7m [0m [91m              ~~~~~~~~~~~~~[0m
[96msrc/index.ts[0m:[93m8[0m:[93m15[0m - [91merror[0m[90m TS2835: [0mRelative import paths need explicit file extensions in ECMAScript imports when '--moduleResolution' is 'node16' or 'nodenext'. Did you mean './lib/utils.js'?

[7m8[0m export * from './lib/utils';
[7m [0m [91m              ~~~~~~~~~~~~~[0m
[96msrc/index.ts[0m:[93m11[0m:[93m15[0m - [91merror[0m[90m TS2835: [0mRelative import paths need explicit file extensions in ECMAScript imports when '--moduleResolution' is 'node16' or 'nodenext'. Did you mean './lib/types.js'?

[7m11[0m export * from './lib/types';
[7m  [0m [91m              ~~~~~~~~~~~~~[0m
[96msrc/lib/theme.ts[0m:[93m51[0m:[93m16[0m - [91merror[0m[90m TS2584: [0mCannot find name 'document'. Do you need to change your target library? Try changing the 'lib' compiler option to include 'dom'.

[7m51[0m   const root = document.documentElement;
[7m  [0m [91m               ~~~~~~~~[0m
[96msrc/lib/theme.ts[0m:[93m69[0m:[93m16[0m - [91merror[0m[90m TS2584: [0mCannot find name 'document'. Do you need to change your target library? Try changing the 'lib' compiler option to include 'dom'.

[7m69[0m   const root = document.documentElement;
[7m  [0m [91m               ~~~~~~~~[0m
[96msrc/lib/utils.ts[0m:[93m53[0m:[93m17[0m - [91merror[0m[90m TS2304: [0mCannot find name 'window'.

[7m53[0m   return typeof window !== 'undefined';
[7m  [0m [91m                ~~~~~~[0m
[96msrc/lib/utils.ts[0m:[93m63[0m:[93m12[0m - [91merror[0m[90m TS2304: [0mCannot find name 'localStorage'.

[7m63[0m     return localStorage.getItem(key) || defaultValue || null;
[7m  [0m [91m           ~~~~~~~~~~~~[0m
[96msrc/lib/utils.ts[0m:[93m76[0m:[93m5[0m - [91merror[0m[90m TS2304: [0mCannot find name 'localStorage'.

[7m76[0m     localStorage.setItem(key, value);
[7m  [0m [91m    ~~~~~~~~~~~~[0m

computing gzip size...
[2mdist/[22m[35mindex.css  [39m[1m[2m 3.43 kB[22m[1m[22m[2m â”‚ gzip:  0.95 kB[22m
[2mdist/[22m[36mindex.js   [39m[1m[2m75.74 kB[22m[1m[22m[2m â”‚ gzip: 13.56 kB[22m
[vite:dts] Declaration files built in 1769ms.

[32mâœ“ built in 2.06s[39m
